<?xml version="1.0" encoding="UTF-8"?>
<!-- Generated by org.testng.reporters.JUnitReportReporter -->
<testsuite hostname="omar_tigo" failures="0" tests="2" name="group_testcases.group_testcases" time="86.794" errors="0" timestamp="2024-05-20T18:50:11 EEST" skipped="0">
  <testcase classname="group_testcases.group_testcases" name="loginn" time="43.338"/>
  <testcase classname="group_testcases.group_testcases" name="loginn" time="43.456"/>
</testsuite> <!-- group_testcases.group_testcases -->
